<?xml version="1.0" encoding="UTF-8"?>
<!-- Generated by org.testng.reporters.JUnitReportReporter -->
<testsuite skipped="0" hostname="DESKTOP-4PTNCRH" name="com.flipkart.FlipkartLogin" tests="1" failures="0" timestamp="01 Feb 2020 11:24:20 GMT" time="11.975" errors="0">
  <testcase name="login" time="11.975" classname="com.flipkart.FlipkartLogin"/>
</testsuite> <!-- com.flipkart.FlipkartLogin -->
