<?xml version="1.0" encoding="UTF-8"?>
<!-- Generated by org.testng.reporters.JUnitReportReporter -->
<testsuite skipped="0" hostname="DESKTOP-4PTNCRH" name="com.flipkart.SearchElements_TC" tests="2" failures="0" timestamp="16 Feb 2020 13:45:54 GMT" time="30.065" errors="0">
  <testcase name="login" time="7.588" classname="com.flipkart.SearchElements_TC"/>
  <testcase name="searchText" time="22.477" classname="com.flipkart.SearchElements_TC"/>
</testsuite> <!-- com.flipkart.SearchElements_TC -->
