<?xml version="1.0" encoding="UTF-8"?>
<!-- Generated by org.testng.reporters.JUnitReportReporter -->
<testsuite skipped="0" hostname="DESKTOP-4PTNCRH" name="com.flipkart.FlipkartLogin" tests="1" failures="0" timestamp="16 Feb 2020 13:45:54 GMT" time="13.334" errors="0">
  <testcase name="login" time="13.334" classname="com.flipkart.FlipkartLogin"/>
</testsuite> <!-- com.flipkart.FlipkartLogin -->
