<?xml version="1.0" encoding="UTF-8"?>
<!-- Generated by org.testng.reporters.JUnitReportReporter -->
<testsuite skipped="0" hostname="DESKTOP-4PTNCRH" name="com.amazon.AmazonLogin" tests="1" failures="0" timestamp="22 Jan 2020 05:34:34 GMT" time="23.586" errors="0">
  <testcase name="login" time="23.586" classname="com.amazon.AmazonLogin"/>
</testsuite> <!-- com.amazon.AmazonLogin -->
