<?xml version="1.0" encoding="UTF-8"?>
<!-- Generated by org.testng.reporters.JUnitReportReporter -->
<testsuite skipped="0" hostname="DESKTOP-4PTNCRH" name="com.orange.Hr.Test0ne" tests="1" failures="0" timestamp="12 Jan 2020 15:50:29 GMT" time="7.857" errors="0">
  <testcase name="generalInformation" time="7.857" classname="com.orange.Hr.Test0ne"/>
</testsuite> <!-- com.orange.Hr.Test0ne -->
