<?xml version="1.0" encoding="UTF-8"?>
<!-- Generated by org.testng.reporters.JUnitReportReporter -->
<testsuite skipped="1" hostname="DESKTOP-4PTNCRH" name="com.flipkart.FlipkartLogout" tests="1" failures="0" timestamp="01 Feb 2020 11:20:02 GMT" time="0.000" errors="0">
  <testcase name="logout" time="0.000" classname="com.flipkart.FlipkartLogout">
    <skipped/>
  </testcase> <!-- logout -->
</testsuite> <!-- com.flipkart.FlipkartLogout -->
