<?xml version="1.0" encoding="UTF-8"?>
<!-- Generated by org.testng.reporters.JUnitReportReporter -->
<testsuite skipped="0" hostname="DESKTOP-4PTNCRH" name="com.flipkart.Dropdown_TC" tests="2" failures="0" timestamp="18 Feb 2020 07:04:20 GMT" time="18.787" errors="0">
  <testcase name="verify" time="11.554" classname="com.flipkart.Dropdown_TC"/>
  <testcase name="run" time="7.233" classname="com.flipkart.Dropdown_TC"/>
</testsuite> <!-- com.flipkart.Dropdown_TC -->
