<?xml version="1.0" encoding="UTF-8"?>
<!-- Generated by org.testng.reporters.JUnitReportReporter -->
<testsuite skipped="0" hostname="DESKTOP-4PTNCRH" name="com.flipkart.SearchElements_TC" tests="1" failures="0" timestamp="01 Feb 2020 19:32:10 GMT" time="19.942" errors="0">
  <testcase name="searchText" time="19.942" classname="com.flipkart.SearchElements_TC"/>
</testsuite> <!-- com.flipkart.SearchElements_TC -->
