<?xml version="1.0" encoding="UTF-8"?>
<!-- Generated by org.testng.reporters.JUnitReportReporter -->
<testsuite skipped="0" hostname="DESKTOP-4PTNCRH" name="com.flipkart.AmazonLogin" tests="1" failures="0" timestamp="12 Jan 2020 18:44:32 GMT" time="5.693" errors="0">
  <testcase name="login" time="5.693" classname="com.flipkart.AmazonLogin"/>
</testsuite> <!-- com.flipkart.AmazonLogin -->
